I, [2023-06-21T17:04:18.923663 #54989]  INFO -- : Registered expected interaction GET /api/v1/products/95ad6d40-b7ab-4753-860c-8ce1a66b45fe
D, [2023-06-21T17:04:18.923758 #54989] DEBUG -- : {
  "description": "A request for product with a non exist product id",
  "providerState": "i get product not found error when the product with given id does not exists",
  "request": {
    "method": "GET",
    "path": "/api/v1/products/95ad6d40-b7ab-4753-860c-8ce1a66b45fe"
  },
  "response": {
    "status": 400,
    "headers": {
      "Content-Type": "application/json"
    },
    "body": {
      "code": 20001,
      "message": "Product not found."
    }
  },
  "metadata": null
}
I, [2023-06-21T17:04:18.924222 #54989]  INFO -- : Received request GET /api/v1/products/95ad6d40-b7ab-4753-860c-8ce1a66b45fe
D, [2023-06-21T17:04:18.924270 #54989] DEBUG -- : {
  "path": "/api/v1/products/95ad6d40-b7ab-4753-860c-8ce1a66b45fe",
  "query": "",
  "method": "get",
  "headers": {
    "Content-Type": "application/json",
    "Host": "localhost:56999",
    "User-Agent": "Go-http-client/1.1",
    "Accept": "application/json",
    "Accept-Encoding": "gzip",
    "Version": "HTTP/1.1"
  }
}
I, [2023-06-21T17:04:18.924333 #54989]  INFO -- : Found matching response for GET /api/v1/products/95ad6d40-b7ab-4753-860c-8ce1a66b45fe
D, [2023-06-21T17:04:18.924358 #54989] DEBUG -- : {
  "status": 400,
  "headers": {
    "Content-Type": "application/json"
  },
  "body": {
    "code": 20001,
    "message": "Product not found."
  }
}
I, [2023-06-21T17:04:18.924664 #54989]  INFO -- : Cleared interactions
I, [2023-06-21T17:04:18.925745 #54989]  INFO -- : Registered expected interaction GET /api/v1/products/05414583-f76a-430a-b337-396892c5baee
D, [2023-06-21T17:04:18.925811 #54989] DEBUG -- : {
  "description": "A request for product with a exist product id",
  "providerState": "i get product with given id",
  "request": {
    "method": "GET",
    "path": "/api/v1/products/05414583-f76a-430a-b337-396892c5baee"
  },
  "response": {
    "status": 200,
    "headers": {
      "Content-Type": "application/json"
    },
    "body": {
      "code": {
        "json_class": "Pact::SomethingLike",
        "contents": "enim"
      },
      "color": {
        "json_class": "Pact::SomethingLike",
        "contents": "Chocolate"
      },
      "created_at": {
        "json_class": "Pact::SomethingLike",
        "contents": "2001-08-20T04:19:31.975967994Z"
      },
      "id": {
        "json_class": "Pact::SomethingLike",
        "contents": "05414583-f76a-430a-b337-396892c5baee"
      },
      "image_url": {
        "json_class": "Pact::SomethingLike",
        "contents": "https://picsum.photos/200/100"
      },
      "name": {
        "json_class": "Pact::SomethingLike",
        "contents": "Elvie Weber"
      },
      "price": {
        "json_class": "Pact::SomethingLike",
        "contents": 92.27
      },
      "type": {
        "json_class": "Pact::SomethingLike",
        "contents": "reprehenderit"
      },
      "updated_at": {
        "json_class": "Pact::SomethingLike",
        "contents": "1997-06-06T16:08:50.61015444Z"
      }
    }
  },
  "metadata": null
}
I, [2023-06-21T17:04:18.926847 #54989]  INFO -- : Received request GET /api/v1/products/05414583-f76a-430a-b337-396892c5baee
D, [2023-06-21T17:04:18.926898 #54989] DEBUG -- : {
  "path": "/api/v1/products/05414583-f76a-430a-b337-396892c5baee",
  "query": "",
  "method": "get",
  "headers": {
    "Content-Type": "application/json",
    "Host": "localhost:56999",
    "User-Agent": "Go-http-client/1.1",
    "Accept": "application/json",
    "Accept-Encoding": "gzip",
    "Version": "HTTP/1.1"
  }
}
I, [2023-06-21T17:04:18.926965 #54989]  INFO -- : Found matching response for GET /api/v1/products/05414583-f76a-430a-b337-396892c5baee
D, [2023-06-21T17:04:18.927561 #54989] DEBUG -- : {
  "status": 200,
  "headers": {
    "Content-Type": "application/json"
  },
  "body": {
    "code": {
      "json_class": "Pact::SomethingLike",
      "contents": "enim"
    },
    "color": {
      "json_class": "Pact::SomethingLike",
      "contents": "Chocolate"
    },
    "created_at": {
      "json_class": "Pact::SomethingLike",
      "contents": "2001-08-20T04:19:31.975967994Z"
    },
    "id": {
      "json_class": "Pact::SomethingLike",
      "contents": "05414583-f76a-430a-b337-396892c5baee"
    },
    "image_url": {
      "json_class": "Pact::SomethingLike",
      "contents": "https://picsum.photos/200/100"
    },
    "name": {
      "json_class": "Pact::SomethingLike",
      "contents": "Elvie Weber"
    },
    "price": {
      "json_class": "Pact::SomethingLike",
      "contents": 92.27
    },
    "type": {
      "json_class": "Pact::SomethingLike",
      "contents": "reprehenderit"
    },
    "updated_at": {
      "json_class": "Pact::SomethingLike",
      "contents": "1997-06-06T16:08:50.61015444Z"
    }
  }
}
I, [2023-06-21T17:04:18.928317 #54989]  INFO -- : Verifying - interactions matched
I, [2023-06-21T17:04:18.929045 #54989]  INFO -- : Cleared interactions
